<?xml version="1.0" encoding="UTF-8"?>
<!-- Generated by org.testng.reporters.JUnitReportReporter -->
<testsuite hostname="DESKTOP-7SLRVMH" failures="0" tests="1" name="restFramework.restFramework.AppTest" time="0.006" errors="0" timestamp="2023-12-11T22:29:53 IST" skipped="0">
  <testcase classname="restFramework.restFramework.AppTest" name="shouldAnswerWithTrue" time="0.006"/>
</testsuite> <!-- restFramework.restFramework.AppTest -->
